  yolo.cpp
C:\Users\Adam\source\repos\yolo\yolo\yolo.cpp(255,23): warning C4244: 'initializing': conversion from 'double' to 'int', possible loss of data
C:\Users\Adam\source\repos\yolo\yolo\yolo.cpp(261,35): warning C4244: '=': conversion from 'double' to '_Tp', possible loss of data
          with
          [
              _Tp=int
          ]
C:\Users\Adam\source\repos\yolo\yolo\yolo.cpp(262,36): warning C4244: '=': conversion from 'double' to '_Tp', possible loss of data
          with
          [
              _Tp=int
          ]
C:\Users\Adam\source\repos\yolo\yolo\yolo.cpp(407,126): warning C4244: 'argument': conversion from 'double' to '_Tp', possible loss of data
          with
          [
              _Tp=int
          ]
C:\Users\Adam\source\repos\yolo\yolo\yolo.cpp(407,91): warning C4244: 'argument': conversion from 'double' to '_Tp', possible loss of data
          with
          [
              _Tp=int
          ]
C:\Users\Adam\source\repos\yolo\yolo\yolo.cpp(431,41): warning C4267: 'initializing': conversion from 'size_t' to 'int', possible loss of data
C:\Users\Adam\source\repos\yolo\yolo\yolo.cpp(448,67): warning C4244: 'argument': conversion from 'double' to 'int', possible loss of data
C:\Users\Adam\source\repos\yolo\yolo\yolo.cpp(470,40): warning C4244: '=': conversion from 'double' to 'float', possible loss of data
  Generating code
  4 of 568 functions ( 0.7%) were compiled, the rest were copied from previous compilation.
    0 functions were new in current compilation
    0 functions had inline decision re-evaluated but remain unchanged
  Finished generating code
  yolo.vcxproj -> C:\Users\Adam\source\repos\yolo\x64\Release\yolo.exe
